<?xml version="1.0" encoding="UTF-8"?>
<!-- Generated by org.testng.reporters.JUnitReportReporter -->
<testsuite hostname="DESKTOP-3PHE8UJ" failures="0" tests="1" name="com.inetbanking.testCases.TC_LoginDDT_002" time="0.000" errors="0" timestamp="2020-02-18T11:32:14 ACDT" skipped="1">
  <testcase classname="com.inetbanking.testCases.TC_LoginDDT_002" name="loginDDT" time="0.000">
    <skipped/>
  </testcase> <!-- loginDDT -->
</testsuite> <!-- com.inetbanking.testCases.TC_LoginDDT_002 -->
