<?xml version="1.0" encoding="UTF-8"?>
<!-- Generated by org.testng.reporters.JUnitReportReporter -->
<testsuite hostname="DESKTOP-3PHE8UJ" failures="0" tests="1" name="com.inetbanking.testCases.TC_AddCustomerTest_003" time="16.403" errors="0" timestamp="2020-02-21T12:37:51 ACDT" skipped="0">
  <testcase classname="com.inetbanking.testCases.TC_AddCustomerTest_003" name="addNewCustomer" time="16.403"/>
</testsuite> <!-- com.inetbanking.testCases.TC_AddCustomerTest_003 -->
